<?xml version="1.0" encoding="UTF-8"?>
<!-- Generated by org.testng.reporters.JUnitXMLReporter -->
<testsuite ignored="1" hostname="TYSS-Chaithra" failures="0" tests="1" name="Default test" time="8.852" errors="0" timestamp="2025-04-15T08:48:29 IST">
  <testcase classname="inventoryTests.AddLowestPriceProductToCartTest" name="sample" time="0.013"/>
  <testcase classname="inventoryTests.AddLowestPriceProductToCartTest" name="addLowestPriceProductTest" time="0.0">
    <ignored/>
  </testcase> <!-- addLowestPriceProductTest -->
</testsuite> <!-- Default test -->
