<?xml version="1.0" encoding="UTF-8"?>
<!-- Generated by org.testng.reporters.JUnitXMLReporter -->
<testsuite ignored="1" hostname="TYSS-Chaithra" failures="0" tests="1" name="Default test" time="0.341" errors="0" timestamp="2025-04-26T08:47:59 IST">
  <testcase classname="practice.SampleJDBC" name="executeQueryJDBC" time="0.307"/>
  <testcase classname="practice.SampleJDBC" name="executeUpdateJDBC" time="0.0">
    <ignored/>
  </testcase> <!-- executeUpdateJDBC -->
</testsuite> <!-- Default test -->
