<?xml version="1.0" encoding="UTF-8"?>
<testng-results ignored="1" total="2" passed="1" failed="0" skipped="0">
  <reporter-output>
  </reporter-output>
  <suite started-at="2025-04-26T08:47:59 IST" name="Default suite" finished-at="2025-04-26T08:47:59 IST" duration-ms="341">
    <groups>
    </groups>
    <test started-at="2025-04-26T08:47:59 IST" name="Default test" finished-at="2025-04-26T08:47:59 IST" duration-ms="341">
      <class name="practice.SampleJDBC">
        <test-method signature="executeQueryJDBC()[pri:0, instance:practice.SampleJDBC@6cd28fa7]" started-at="2025-04-26T08:47:59 IST" name="executeQueryJDBC" finished-at="2025-04-26T08:47:59 IST" duration-ms="307" status="PASS">
          <reporter-output>
          </reporter-output>
        </test-method> <!-- executeQueryJDBC -->
      </class> <!-- practice.SampleJDBC -->
    </test> <!-- Default test -->
  </suite> <!-- Default suite -->
</testng-results>
